cgi-bin/build_layout.bash 4c60fef3e06464e842a1951cdd0ff03715b307f8b3fd21 MDErgo1 "MDErgo1-Default-0.kll" "MDErgo1-Default-1.kll" "MDErgo1-Default-2.kll"  2>&1
/srv/KiiConf-Alpha/dist/tmp/4c60fef3e06464e842a1951cdd0ff03715b307f8b3fd21
/srv/KiiConf-Alpha/dist/tmp/4c60fef3e06464e842a1951cdd0ff03715b307f8b3fd21
+ mkdir -p left
+ mkdir -p right
+ cd right
+ cd left
+ cp ../MDErgo1-Default-0.kll ../MDErgo1-Default-1.kll ../MDErgo1-Default-2.kll .
+ cp ../MDErgo1-Default-0.kll ../MDErgo1-Default-1.kll ../MDErgo1-Default-2.kll .
+ cmake /srv/KiiConf-Alpha/controller -DScanModule=MDErgo1 -DCHIP=mk20dx256vlh7 '-DBaseMap=defaultMap leftHand slave1 rightHand' -DMacroModule=PartialMap -DOutputModule=pjrcUSB -DDebugModule=full '-DDefaultMap=MDErgo1-Default-0 lcdFuncMap' '-DPartialMaps=MDErgo1-Default-1 lcdFuncMap;MDErgo1-Default-2 lcdFuncMap' -DCONFIGURATOR=1
+ cmake /srv/KiiConf-Alpha/controller -DScanModule=MDErgo1 -DCHIP=mk20dx256vlh7 '-DBaseMap=defaultMap rightHand slave1 leftHand' -DMacroModule=PartialMap -DOutputModule=pjrcUSB -DDebugModule=full '-DDefaultMap=MDErgo1-Default-0 lcdFuncMap' '-DPartialMaps=MDErgo1-Default-1 lcdFuncMap;MDErgo1-Default-2 lcdFuncMap' -DCONFIGURATOR=1
-- Compiler Family:
-- Compiler Family:
armarm

-- Compiler Selected:
-- Compiler Selected:
gccgcc

-- Chip Selected:
-- Chip Selected:
mk20dx256vlh7mk20dx256vlh7

-- Chip Family:
-- Chip Family:
mk20dxmk20dx

-- CPU Selected:
-- CPU Selected:
cortex-m4cortex-m4

-- Compiler Source Files:
-- Compiler Source Files:
Lib/mk20dx.c;Lib/delay.cLib/mk20dx.c;Lib/delay.c

-- Bootloader Type:
-- Bootloader Type:
dfudfu

-- Detected Scan Module Source Files:
Scan/ISSILed/led_scan.c;Scan/MatrixARM/matrix_scan.c;Scan/STLcd/lcd_scan.c;Scan/UARTConnect/connect_scan.c;Scan/MDErgo1/scan_loop.c
-- Detected Scan Module Source Files:
Scan/ISSILed/led_scan.c;Scan/MatrixARM/matrix_scan.c;Scan/STLcd/lcd_scan.c;Scan/UARTConnect/connect_scan.c;Scan/MDErgo1/scan_loop.c
-- Detected Macro Module Source Files:
Macro/PartialMap/macro.c;Macro/PartialMap/result.c;Macro/PartialMap/trigger.c
-- Detected Macro Module Source Files:
Macro/PartialMap/macro.c;Macro/PartialMap/result.c;Macro/PartialMap/trigger.c
-- Detected Output Module Source Files:
-- Detected Output Module Source Files:
Output/pjrcUSB/output_com.c;Output/pjrcUSB/arm/usb_desc.c;Output/pjrcUSB/arm/usb_dev.c;Output/pjrcUSB/arm/usb_joystick.c;Output/pjrcUSB/arm/usb_keyboard.c;Output/pjrcUSB/arm/usb_mem.c;Output/pjrcUSB/arm/usb_mouse.c;Output/pjrcUSB/arm/usb_rawio.c;Output/pjrcUSB/arm/usb_serial.c
Output/pjrcUSB/output_com.c;Output/pjrcUSB/arm/usb_desc.c;Output/pjrcUSB/arm/usb_dev.c;Output/pjrcUSB/arm/usb_joystick.c;Output/pjrcUSB/arm/usb_keyboard.c;Output/pjrcUSB/arm/usb_mem.c;Output/pjrcUSB/arm/usb_mouse.c;Output/pjrcUSB/arm/usb_rawio.c;Output/pjrcUSB/arm/usb_serial.c
-- Detected Debug Module Source Files:
Debug/cli/cli.c;Debug/led/led.c;Debug/print/print.c
-- Detected Debug Module Source Files:
Debug/cli/cli.c;Debug/led/led.c;Debug/print/print.c
-- Found Git: /usr/bin/git (found version "1.9.1") 
-- Found Git: /usr/bin/git (found version "1.9.1") 
-- Found Ctags: /usr/bin/ctags (found version "5.9~svn20110310") 
-- Found Ctags: /usr/bin/ctags (found version "5.9~svn20110310") 
ctags: cannot open tag file : Permission denied
ctags: cannot open tag file : Permission denied
-- Found PythonInterp: python3 (found suitable version "3.4.3", minimum required is "3") 
-- Found PythonInterp: python3 (found suitable version "3.4.3", minimum required is "3") 
-- Detected Layout Files:
/srv/KiiConf-Alpha/controller/Scan/ISSILed/capabilities.kll
/srv/KiiConf-Alpha/controller/Scan/MatrixARM/capabilities.kll
/srv/KiiConf-Alpha/controller/Scan/STLcd/capabilities.kll
/srv/KiiConf-Alpha/controller/Scan/UARTConnect/capabilities.kll
/srv/KiiConf-Alpha/controller/Macro/PartialMap/capabilities.kll
/srv/KiiConf-Alpha/controller/Output/pjrcUSB/capabilities.kll
/srv/KiiConf-Alpha/controller/Scan/MDErgo1/scancode_map.kll
/srv/KiiConf-Alpha/controller/Scan/MDErgo1/leftHand.kll
/srv/KiiConf-Alpha/controller/Scan/MDErgo1/slave1.kll
/srv/KiiConf-Alpha/controller/Scan/MDErgo1/rightHand.kll
/srv/KiiConf-Alpha/dist/tmp/4c60fef3e06464e842a1951cdd0ff03715b307f8b3fd21/left/MDErgo1-Default-0.kll
/srv/KiiConf-Alpha/controller/kll/layouts/lcdFuncMap.kll
/srv/KiiConf-Alpha/dist/tmp/4c60fef3e06464e842a1951cdd0ff03715b307f8b3fd21/left/MDErgo1-Default-1.kll
/srv/KiiConf-Alpha/controller/kll/layouts/lcdFuncMap.kll
/srv/KiiConf-Alpha/dist/tmp/4c60fef3e06464e842a1951cdd0ff03715b307f8b3fd21/left/MDErgo1-Default-2.kll
/srv/KiiConf-Alpha/controller/kll/layouts/lcdFuncMap.kll
-- Detected Layout Files:
/srv/KiiConf-Alpha/controller/Scan/ISSILed/capabilities.kll
/srv/KiiConf-Alpha/controller/Scan/MatrixARM/capabilities.kll
/srv/KiiConf-Alpha/controller/Scan/STLcd/capabilities.kll
/srv/KiiConf-Alpha/controller/Scan/UARTConnect/capabilities.kll
/srv/KiiConf-Alpha/controller/Macro/PartialMap/capabilities.kll
/srv/KiiConf-Alpha/controller/Output/pjrcUSB/capabilities.kll
/srv/KiiConf-Alpha/controller/Scan/MDErgo1/scancode_map.kll
/srv/KiiConf-Alpha/controller/Scan/MDErgo1/rightHand.kll
/srv/KiiConf-Alpha/controller/Scan/MDErgo1/slave1.kll
/srv/KiiConf-Alpha/controller/Scan/MDErgo1/leftHand.kll
/srv/KiiConf-Alpha/dist/tmp/4c60fef3e06464e842a1951cdd0ff03715b307f8b3fd21/right/MDErgo1-Default-0.kll
/srv/KiiConf-Alpha/controller/kll/layouts/lcdFuncMap.kll
/srv/KiiConf-Alpha/dist/tmp/4c60fef3e06464e842a1951cdd0ff03715b307f8b3fd21/right/MDErgo1-Default-1.kll
/srv/KiiConf-Alpha/controller/kll/layouts/lcdFuncMap.kll
/srv/KiiConf-Alpha/dist/tmp/4c60fef3e06464e842a1951cdd0ff03715b307f8b3fd21/right/MDErgo1-Default-2.kll
/srv/KiiConf-Alpha/controller/kll/layouts/lcdFuncMap.kll
-- Found DFU_SUFFIX: /usr/local/bin/dfu-suffix (found version "0.8") 
-- Found DFU_SUFFIX: /usr/local/bin/dfu-suffix (found version "0.8") 
-- Configuring done
-- Configuring done
-- Generating done
CMake Warning:
  Manually-specified variables were not used by the project:

    CONFIGURATOR


-- Build files have been written to: /srv/KiiConf-Alpha/dist/tmp/4c60fef3e06464e842a1951cdd0ff03715b307f8b3fd21/right
+ make -j
-- Generating done
CMake Warning:
  Manually-specified variables were not used by the project:

    CONFIGURATOR


-- Build files have been written to: /srv/KiiConf-Alpha/dist/tmp/4c60fef3e06464e842a1951cdd0ff03715b307f8b3fd21/left
+ make -j
[  4%] Generating KLL Layout
[  4%] Generating KLL Layout
Scanning dependencies of target kiibohd.elf
[ 12%] [ 12%] [ 16%] [ 20%] [ 24%] [ 28%] Building C object CMakeFiles/kiibohd.elf.dir/Lib/delay.c.o
[ 32%] Building C object CMakeFiles/kiibohd.elf.dir/Lib/mk20dx.c.o
Building C object CMakeFiles/kiibohd.elf.dir/Scan/ISSILed/led_scan.c.o
[ 36%] Building C object CMakeFiles/kiibohd.elf.dir/main.c.o
[ 40%] Building C object CMakeFiles/kiibohd.elf.dir/Scan/UARTConnect/connect_scan.c.o
Building C object CMakeFiles/kiibohd.elf.dir/Scan/MatrixARM/matrix_scan.c.o
Building C object CMakeFiles/kiibohd.elf.dir/Scan/STLcd/lcd_scan.c.o
[ 44%] Building C object CMakeFiles/kiibohd.elf.dir/Scan/MDErgo1/scan_loop.c.o
Building C object CMakeFiles/kiibohd.elf.dir/Macro/PartialMap/macro.c.o
Building C object CMakeFiles/kiibohd.elf.dir/Macro/PartialMap/result.c.o
[ 48%] [ 52%] [ 56%] Building C object CMakeFiles/kiibohd.elf.dir/Output/pjrcUSB/output_com.c.o
Scanning dependencies of target kiibohd.elf
[ 60%] Building C object CMakeFiles/kiibohd.elf.dir/Macro/PartialMap/trigger.c.o
Building C object CMakeFiles/kiibohd.elf.dir/Output/pjrcUSB/arm/usb_desc.c.o
[  8%] Building C object CMakeFiles/kiibohd.elf.dir/Output/pjrcUSB/arm/usb_dev.c.o
[ 12%] Building C object CMakeFiles/kiibohd.elf.dir/main.c.o
[ 16%] [ 64%] [ 20%] [ 68%] Building C object CMakeFiles/kiibohd.elf.dir/Lib/mk20dx.c.o
Building C object CMakeFiles/kiibohd.elf.dir/Lib/delay.c.o
Building C object CMakeFiles/kiibohd.elf.dir/Output/pjrcUSB/arm/usb_joystick.c.o
Building C object CMakeFiles/kiibohd.elf.dir/Scan/ISSILed/led_scan.c.o
[ 72%] Building C object CMakeFiles/kiibohd.elf.dir/Output/pjrcUSB/arm/usb_keyboard.c.o
[ 24%] [ 76%] Building C object CMakeFiles/kiibohd.elf.dir/Output/pjrcUSB/arm/usb_mem.c.o
[ 80%] [ 84%] [ 28%] Building C object CMakeFiles/kiibohd.elf.dir/Output/pjrcUSB/arm/usb_mouse.c.o
Building C object CMakeFiles/kiibohd.elf.dir/Scan/MatrixARM/matrix_scan.c.o
[ 32%] [ 36%] Building C object CMakeFiles/kiibohd.elf.dir/Scan/STLcd/lcd_scan.c.o
Building C object CMakeFiles/kiibohd.elf.dir/Output/pjrcUSB/arm/usb_rawio.c.o
Building C object CMakeFiles/kiibohd.elf.dir/Output/pjrcUSB/arm/usb_serial.c.o
Building C object CMakeFiles/kiibohd.elf.dir/Scan/UARTConnect/connect_scan.c.o
Building C object CMakeFiles/kiibohd.elf.dir/Scan/MDErgo1/scan_loop.c.o
[ 40%] [ 88%] [ 44%] [ 96%] [ 48%] [ 52%] [ 92%] Building C object CMakeFiles/kiibohd.elf.dir/Macro/PartialMap/trigger.c.o
Building C object CMakeFiles/kiibohd.elf.dir/Macro/PartialMap/result.c.o
Building C object CMakeFiles/kiibohd.elf.dir/Debug/print/print.c.o
[ 56%] Building C object CMakeFiles/kiibohd.elf.dir/Debug/led/led.c.o
Building C object CMakeFiles/kiibohd.elf.dir/Debug/cli/cli.c.o
Building C object CMakeFiles/kiibohd.elf.dir/Macro/PartialMap/macro.c.o
Building C object CMakeFiles/kiibohd.elf.dir/Output/pjrcUSB/output_com.c.o
Building C object CMakeFiles/kiibohd.elf.dir/Output/pjrcUSB/arm/usb_desc.c.o
[ 60%] [ 64%] [ 68%] Building C object CMakeFiles/kiibohd.elf.dir/Output/pjrcUSB/arm/usb_dev.c.o
Building C object CMakeFiles/kiibohd.elf.dir/Output/pjrcUSB/arm/usb_joystick.c.o
Building C object CMakeFiles/kiibohd.elf.dir/Output/pjrcUSB/arm/usb_keyboard.c.o
[ 72%] [ 76%] [ 80%] [ 84%] [ 88%] Building C object CMakeFiles/kiibohd.elf.dir/Output/pjrcUSB/arm/usb_rawio.c.o
Building C object CMakeFiles/kiibohd.elf.dir/Output/pjrcUSB/arm/usb_mem.c.o
Building C object CMakeFiles/kiibohd.elf.dir/Output/pjrcUSB/arm/usb_mouse.c.o
Building C object CMakeFiles/kiibohd.elf.dir/Output/pjrcUSB/arm/usb_serial.c.o
Building C object CMakeFiles/kiibohd.elf.dir/Debug/cli/cli.c.o
[ 92%] [ 96%] Building C object CMakeFiles/kiibohd.elf.dir/Debug/print/print.c.o
Building C object CMakeFiles/kiibohd.elf.dir/Debug/led/led.c.o
Linking C executable kiibohd.elf
Create and sign dfu bin file:  kiibohd.dfu.bin
Creating Extended Listing:     kiibohd.lss
Linking C executable kiibohd.elf
Create and sign dfu bin file:  kiibohd.dfu.bin
Creating Symbol Table:         kiibohd.sym
Creating Extended Listing:     kiibohd.lss
[ 96%] Built target kiibohd.elf
Scanning dependencies of target SizeAfter
[100%] Chip usage for mk20dx256vlh7
	[1m SRAM[m: 	[1;32m15%[m 	10412/65536	bytes
	[1mFlash[m: 	[1;32m17%[m 	45552/253952	bytes
[100%] Built target SizeAfter
+ RETVAL=0
+ set +x
/srv/KiiConf-Alpha/dist/tmp/4c60fef3e06464e842a1951cdd0ff03715b307f8b3fd21
Creating Symbol Table:         kiibohd.sym
[ 96%] Built target kiibohd.elf
Scanning dependencies of target SizeAfter
[100%] Chip usage for mk20dx256vlh7
	[1m SRAM[m: 	[1;32m15%[m 	10440/65536	bytes
	[1mFlash[m: 	[1;32m17%[m 	45600/253952	bytes
[100%] Built target SizeAfter
+ RETVAL=0
+ set +x
